<?xml version="1.0" encoding="UTF-8"?>
<!-- Generated by org.testng.reporters.JUnitReportReporter -->
<testsuite skipped="0" hostname="BLT182" name="Com.TestCase.SeleniumTestAssert" tests="1" failures="0" timestamp="12 Mar 2020 13:29:22 GMT" time="19.309" errors="0">
  <testcase name="testdata" time="19.309" classname="Com.TestCase.SeleniumTestAssert"/>
</testsuite> <!-- Com.TestCase.SeleniumTestAssert -->
